This is pdfTeX, Version 3.1415926-2.4-1.40.13 (TeX Live 2012/Debian) (format=pdflatex 2013.1.18)  24 FEB 2015 13:13
entering extended mode
 restricted \write18 enabled.
 %&-line parsing enabled.
**LIPIDionINTERACT.tex
(./LIPIDionINTERACT.tex
LaTeX2e <2011/06/27>
Babel <v3.8m> and hyphenation patterns for english, dumylang, nohyphenation, et
hiopic, farsi, arabic, pinyin, croatian, bulgarian, ukrainian, russian, slovak,
 czech, danish, dutch, usenglishmax, ukenglish, finnish, french, basque, ngerma
n, german, swissgerman, ngerman-x-2012-05-30, german-x-2012-05-30, monogreek, g
reek, ibycus, ancientgreek, hungarian, bengali, tamil, hindi, telugu, gujarati,
 sanskrit, malayalam, kannada, assamese, marathi, oriya, panjabi, italian, lati
n, latvian, lithuanian, mongolian, mongolianlmc, nynorsk, bokmal, indonesian, e
speranto, coptic, welsh, irish, interlingua, serbian, serbianc, slovenian, friu
lan, romansh, estonian, romanian, armenian, uppersorbian, turkish, afrikaans, i
celandic, kurmanji, polish, portuguese, galician, catalan, spanish, swedish, lo
aded.
(/usr/share/texlive/texmf-dist/tex/latex/revtex/revtex4-1.cls
Document Class: revtex4-1 2010/07/25/20:33:00 4.1r (http://publish.aps.org/revt
ex4/ for documentation)
 Copyright (c) 2009 The American Physical Society.
 mailto:revtex@aps.org
 Licensed under the LPPL:
http://www.ctan.org/tex-archive/macros/latex/base/lppl.txt
 Arthur Ogawa <arthur_ogawa at sbcglobal dot net>
 Based on work by David Carlisle <david at dcarlisle.demon.co.uk>.
ltxutil[2010/07/25/20:33:00 4.1r utilities package (portions licensed from W. E
. Baxter web at superscript.com)]
LaTeX Info: Redefining \@centercr on input line 308.
Class revtex4-1 Info: Repairing broken LaTeX eqnarray on input line 358.
\eqncolsep=\skip41
Class revtex4-1 Info: Repairing hyperref-unfriendly LaTeX definition of \mpfoot
note on input line 433.
Class revtex4-1 Info: Repairing broken LateX \@sect on input line 755.
\intertabularlinepenalty=\count79
\@tbpen=\count80
\@arstrutbox@hline=\box26
Class revtex4-1 Info: Repairing broken LaTeX \@xbitor on input line 1786.
Class revtex4-1 Info: Making \typeout \long on input line 2046.
ltxfront[2010/07/25/20:33:00 4.1r frontmatter package (AO,DPC)]
\c@affil=\count81
\c@collab=\count82
\absbox=\box27
ltxgrid[2010/07/25/20:33:00 4.1r page grid package (portions licensed from W. E
. Baxter web at superscript.com)]
\c@linecount=\count83
\output@latex=\toks14
\box@size@1=\box28
\box@size@2=\box29
\@protection@box=\box30
\@topmark@saved=\toks15
\footins@saved=\box31
\footins@recovered=\box32
\column@recovered=\box33
\pagesofar=\box34
\footsofar=\box35
\pagegrid@col=\count84
Class revtex4-1 Info: Overriding \@vspace, \@vspacer, \@no@pgbk, \@newline, and
 \\  on input line 5578.
\c@part=\count85
\c@section=\count86
\c@subsection=\count87
\c@subsubsection=\count88
\c@paragraph=\count89
\c@subparagraph=\count90
\abovecaptionskip=\skip42
\belowcaptionskip=\skip43
\c@figure=\count91
\fbox@1=\box36
\c@table=\count92
\fbox@2=\box37
\c@video=\count93
\fbox@4=\box38
\@bibdataout=\write3
\widetext@top=\box39
\widetext@bot=\box40
Class revtex4-1 Info: Selecting society aps on input line 7542.
(/usr/share/texlive/texmf-dist/tex/latex/revtex/aps4-1.rtx
File: aps4-1 2010/07/25/20:33:00 4.1r (http://publish.aps.org/revtex4/ for docu
mentation)
Class revtex4-1 Info: RevTeX society APS selected on input line 31.
)
Class revtex4-1 Info: Selecting journal pre on input line 7544.
Class revtex4-1 Info: APS journal PRE selected on input line 7545.


Class revtex4-1 Warning: No type size specified, using default 10.

(/usr/share/texlive/texmf-dist/tex/latex/revtex/aps10pt4-1.rtx
File: aps10pt4-1 2010/07/25/20:33:00 4.1r (http://publish.aps.org/revtex4/ for 
documentation)
Class revtex4-1 Info: RevTeX pointsize 10pt selected on input line 30.
)
(/usr/share/texlive/texmf-dist/tex/latex/textcase/textcase.sty
Package: textcase 2004/10/07 v0.07 Text only upper/lower case changing (DPC)
)
(/usr/share/texlive/texmf-dist/tex/latex/url/url.sty
\Urlmuskip=\muskip10
Package: url 2006/04/12  ver 3.3  Verb mode for urls, etc.
)
(/usr/share/texlive/texmf-dist/tex/latex/natbib/natbib.sty
Package: natbib 2010/09/13 8.31b (PWD, AO)
\bibhang=\skip44
\bibsep=\skip45
LaTeX Info: Redefining \cite on input line 694.
\c@NAT@ctr=\count94
)
Class revtex4-1 Info: Repairing natbib's \BibitemShut on input line 7549.

(/usr/share/texlive/texmf-dist/tex/latex/revtex/revsymb4-1.sty
Package: revsymb4-1 2010/07/25/20:33:00 4.1r (http://publish.aps.org/revtex4/ f
or documentation)
LaTeX Info: Redefining \REV@mathfrak on input line 119.
))
(/usr/share/texlive/texmf-dist/tex/latex/rotating/rotating.sty
Package: rotating 2009/03/28 v2.16a rotated objects in LaTeX

(/usr/share/texlive/texmf-dist/tex/latex/graphics/graphicx.sty
Package: graphicx 1999/02/16 v1.0f Enhanced LaTeX Graphics (DPC,SPQR)

(/usr/share/texlive/texmf-dist/tex/latex/graphics/keyval.sty
Package: keyval 1999/03/16 v1.13 key=value parser (DPC)
\KV@toks@=\toks16
)
(/usr/share/texlive/texmf-dist/tex/latex/graphics/graphics.sty
Package: graphics 2009/02/05 v1.0o Standard LaTeX Graphics (DPC,SPQR)

(/usr/share/texlive/texmf-dist/tex/latex/graphics/trig.sty
Package: trig 1999/03/16 v1.09 sin cos tan (DPC)
)
(/usr/share/texlive/texmf-dist/tex/latex/latexconfig/graphics.cfg
File: graphics.cfg 2010/04/23 v1.9 graphics configuration of TeX Live
)
Package graphics Info: Driver file: pdftex.def on input line 91.

(/usr/share/texlive/texmf-dist/tex/latex/pdftex-def/pdftex.def
File: pdftex.def 2011/05/27 v0.06d Graphics/color for pdfTeX

(/usr/share/texlive/texmf-dist/tex/generic/oberdiek/infwarerr.sty
Package: infwarerr 2010/04/08 v1.3 Providing info/warning/error messages (HO)
)
(/usr/share/texlive/texmf-dist/tex/generic/oberdiek/ltxcmds.sty
Package: ltxcmds 2011/11/09 v1.22 LaTeX kernel commands for general use (HO)
)
\Gread@gobject=\count95
))
\Gin@req@height=\dimen102
\Gin@req@width=\dimen103
)
(/usr/share/texlive/texmf-dist/tex/latex/base/ifthen.sty
Package: ifthen 2001/05/26 v1.1c Standard LaTeX ifthen package (DPC)
)
\c@r@tfl@t=\count96
\rotFPtop=\skip46
\rotFPbot=\skip47
\rot@float@box=\box41
\rot@mess@toks=\toks17
)
(/usr/share/texlive/texmf-dist/tex/latex/psnfss/times.sty
Package: times 2005/04/12 PSNFSS-v9.2a (SPQR) 
)
(/usr/share/texlive/texmf-dist/tex/latex/setspace/setspace.sty
Package: setspace 2011/12/19 v6.7a set line spacing
)
(/usr/share/texlive/texmf-dist/tex/latex/amsmath/amsmath.sty
Package: amsmath 2000/07/18 v2.13 AMS math features
\@mathmargin=\skip48

For additional information on amsmath, use the `?' option.
(/usr/share/texlive/texmf-dist/tex/latex/amsmath/amstext.sty
Package: amstext 2000/06/29 v2.01

(/usr/share/texlive/texmf-dist/tex/latex/amsmath/amsgen.sty
File: amsgen.sty 1999/11/30 v2.0
\@emptytoks=\toks18
\ex@=\dimen104
)
LaTeX Info: Redefining \text on input line 53.
)
(/usr/share/texlive/texmf-dist/tex/latex/amsmath/amsbsy.sty
Package: amsbsy 1999/11/29 v1.2d
\pmbraise@=\dimen105
)
(/usr/share/texlive/texmf-dist/tex/latex/amsmath/amsopn.sty
Package: amsopn 1999/12/14 v2.01 operator names
)
\inf@bad=\count97
LaTeX Info: Redefining \frac on input line 211.
\uproot@=\count98
\leftroot@=\count99
LaTeX Info: Redefining \overline on input line 307.
\classnum@=\count100
\DOTSCASE@=\count101
LaTeX Info: Redefining \ldots on input line 379.
LaTeX Info: Redefining \dots on input line 382.
LaTeX Info: Redefining \cdots on input line 467.
\Mathstrutbox@=\box42
\strutbox@=\box43
\big@size=\dimen106
LaTeX Font Info:    Redeclaring font encoding OML on input line 567.
LaTeX Font Info:    Redeclaring font encoding OMS on input line 568.
\macc@depth=\count102
\c@MaxMatrixCols=\count103
\dotsspace@=\muskip11
\c@parentequation=\count104
\dspbrk@lvl=\count105
\tag@help=\toks19
\row@=\count106
\column@=\count107
\maxfields@=\count108
\andhelp@=\toks20
\eqnshift@=\dimen107
\alignsep@=\dimen108
\tagshift@=\dimen109
\tagwidth@=\dimen110
\totwidth@=\dimen111
\lineht@=\dimen112
\@envbody=\toks21
\multlinegap=\skip49
\multlinetaggap=\skip50
\mathdisplay@stack=\toks22
LaTeX Info: Redefining \[ on input line 2666.
LaTeX Info: Redefining \] on input line 2667.
)
(/usr/share/texlive/texmf-dist/tex/latex/caption/caption.sty
Package: caption 2012/02/19 v3.2f Customizing captions (AR)

(/usr/share/texlive/texmf-dist/tex/latex/caption/caption3.sty
Package: caption3 2012/01/12 v1.4b caption3 kernel (AR)
\captionmargin=\dimen113
\captionmargin@=\dimen114
\captionwidth=\dimen115
\caption@indent=\dimen116
\caption@parindent=\dimen117
\caption@hangindent=\dimen118
Package caption Info: Unknown document class (or package),
(caption)             standard defaults will be used.
)

Package caption Warning: Unsupported document class (or package) detected,
(caption)                usage of the caption package is not recommended.
See the caption package documentation for explanation.

Package caption Info: \@makecaption = \long macro:#1#2->\par \vskip \abovecapti
onskip \begingroup \small \rmfamily \sbox \@tempboxa {\let \\\heading@cr \@make
@capt@title {#1}{#2}}\@ifdim {\wd \@tempboxa >\hsize }{\begingroup \samepage \f
lushing \let \footnote \@footnotemark@gobble \@make@capt@title {#1}{#2}\par \en
dgroup }{\global \@minipagefalse \hb@xt@ \hsize {\hfil \unhbox \@tempboxa \hfil
 }}\endgroup \vskip \belowcaptionskip .
\c@ContinuedFloat=\count109
Package caption Info: rotating package is loaded.
) (/usr/share/texlive/texmf-dist/tex/latex/caption/subcaption.sty
Package: subcaption 2012/01/12 v1.1d Sub-captions (AR)
\c@subfigure=\count110
\c@subtable=\count111
)
(./easy-todo.sty
Package: easy-todo 2014/01/01
 (/usr/share/texlive/texmf-dist/tex/latex/graphics/color.sty
Package: color 2005/11/14 v1.0j Standard LaTeX Color (DPC)

(/usr/share/texlive/texmf-dist/tex/latex/latexconfig/color.cfg
File: color.cfg 2007/01/18 v1.5 color configuration of teTeX/TeXLive
)
Package color Info: Driver file: pdftex.def on input line 130.
)
(/usr/share/texlive/texmf-dist/tex/latex/tocloft/tocloft.sty
Package: tocloft 2010/10/13 v2.3e parameterised ToC, etc., typesetting
Package tocloft Info: The document has section divisions on input line 43.
\cftparskip=\skip51
\cftbeforetoctitleskip=\skip52
\cftaftertoctitleskip=\skip53
\cftbeforepartskip=\skip54
\cftpartnumwidth=\skip55
\cftpartindent=\skip56
\cftbeforesecskip=\skip57
\cftsecindent=\skip58
\cftsecnumwidth=\skip59
\cftbeforesubsecskip=\skip60
\cftsubsecindent=\skip61
\cftsubsecnumwidth=\skip62
\cftbeforesubsubsecskip=\skip63
\cftsubsubsecindent=\skip64
\cftsubsubsecnumwidth=\skip65
\cftbeforeparaskip=\skip66
\cftparaindent=\skip67
\cftparanumwidth=\skip68
\cftbeforesubparaskip=\skip69
\cftsubparaindent=\skip70
\cftsubparanumwidth=\skip71
\cftbeforeloftitleskip=\skip72
\cftafterloftitleskip=\skip73
\cftbeforefigskip=\skip74
\cftfigindent=\skip75
\cftfignumwidth=\skip76
\c@lofdepth=\count112
\c@lotdepth=\count113
\cftbeforelottitleskip=\skip77
\cftafterlottitleskip=\skip78
\cftbeforetabskip=\skip79
\cfttabindent=\skip80
\cfttabnumwidth=\skip81
)
(/usr/share/texlive/texmf-dist/tex/latex/oberdiek/ifdraft.sty
Package: ifdraft 2008/08/11 v1.3 Detect class options draft and final (HO)
)
\c@todos=\count114
\cftbeforetodosskip=\skip82
\cfttodosindent=\skip83
\cfttodosnumwidth=\skip84
\c@loddepth=\count115
\cftbeforelodtitleskip=\skip85
\cftafterlodtitleskip=\skip86
)
Class revtex4-1 Info: Patching LaTeX tabular. on input line 25.
Class revtex4-1 Info: Robustifying \LaTeX's \boldmath command on input line 25.

Class revtex4-1 Info: cite was not loaded (OK!) on input line 25.
Class revtex4-1 Info: mcite was not loaded (OK!) on input line 25.
Class revtex4-1 Info: multicol was not loaded (OK!) on input line 25.


LaTeX Warning: Unused global option(s):
    [authordate1-4].

(./LIPIDionINTERACT.aux)
\openout1 = `LIPIDionINTERACT.aux'.

LaTeX Font Info:    Checking defaults for OML/cmm/m/it on input line 25.
LaTeX Font Info:    ... okay on input line 25.
LaTeX Font Info:    Checking defaults for T1/cmr/m/n on input line 25.
LaTeX Font Info:    ... okay on input line 25.
LaTeX Font Info:    Checking defaults for OT1/cmr/m/n on input line 25.
LaTeX Font Info:    ... okay on input line 25.
LaTeX Font Info:    Checking defaults for OMS/cmsy/m/n on input line 25.
LaTeX Font Info:    ... okay on input line 25.
LaTeX Font Info:    Checking defaults for OMX/cmex/m/n on input line 25.
LaTeX Font Info:    ... okay on input line 25.
LaTeX Font Info:    Checking defaults for U/cmr/m/n on input line 25.
LaTeX Font Info:    ... okay on input line 25.
LaTeX Font Info:    Try loading font information for OT1+ptm on input line 25.

(/usr/share/texlive/texmf-dist/tex/latex/psnfss/ot1ptm.fd
File: ot1ptm.fd 2001/06/04 font definitions for OT1/ptm.
)
(/usr/share/texlive/texmf-dist/tex/context/base/supp-pdf.mkii
[Loading MPS to PDF converter (version 2006.09.02).]
\scratchcounter=\count116
\scratchdimen=\dimen119
\scratchbox=\box44
\nofMPsegments=\count117
\nofMParguments=\count118
\everyMPshowfont=\toks23
\MPscratchCnt=\count119
\MPscratchDim=\dimen120
\MPnumerator=\count120
\makeMPintoPDFobject=\count121
\everyMPtoPDFconversion=\toks24
) (/usr/share/texlive/texmf-dist/tex/generic/oberdiek/pdftexcmds.sty
Package: pdftexcmds 2011/11/29 v0.20 Utility functions of pdfTeX for LuaTeX (HO
)

(/usr/share/texlive/texmf-dist/tex/generic/oberdiek/ifluatex.sty
Package: ifluatex 2010/03/01 v1.3 Provides the ifluatex switch (HO)
Package ifluatex Info: LuaTeX not detected.
)
(/usr/share/texlive/texmf-dist/tex/generic/oberdiek/ifpdf.sty
Package: ifpdf 2011/01/30 v2.3 Provides the ifpdf switch (HO)
Package ifpdf Info: pdfTeX in PDF mode is detected.
)
Package pdftexcmds Info: LuaTeX not detected.
Package pdftexcmds Info: \pdf@primitive is available.
Package pdftexcmds Info: \pdf@ifprimitive is available.
Package pdftexcmds Info: \pdfdraftmode found.
)
(/usr/share/texlive/texmf-dist/tex/latex/oberdiek/epstopdf-base.sty
Package: epstopdf-base 2010/02/09 v2.5 Base part for package epstopdf

(/usr/share/texlive/texmf-dist/tex/latex/oberdiek/grfext.sty
Package: grfext 2010/08/19 v1.1 Manage graphics extensions (HO)

(/usr/share/texlive/texmf-dist/tex/generic/oberdiek/kvdefinekeys.sty
Package: kvdefinekeys 2011/04/07 v1.3 Define keys (HO)
))
(/usr/share/texlive/texmf-dist/tex/latex/oberdiek/kvoptions.sty
Package: kvoptions 2011/06/30 v3.11 Key value format for package options (HO)

(/usr/share/texlive/texmf-dist/tex/generic/oberdiek/kvsetkeys.sty
Package: kvsetkeys 2012/04/25 v1.16 Key value parser (HO)

(/usr/share/texlive/texmf-dist/tex/generic/oberdiek/etexcmds.sty
Package: etexcmds 2011/02/16 v1.5 Avoid name clashes with e-TeX commands (HO)
Package etexcmds Info: Could not find \expanded.
(etexcmds)             That can mean that you are not using pdfTeX 1.50 or
(etexcmds)             that some package has redefined \expanded.
(etexcmds)             In the latter case, load this package earlier.
)))
Package grfext Info: Graphics extension search list:
(grfext)             [.png,.pdf,.jpg,.mps,.jpeg,.jbig2,.jb2,.PNG,.PDF,.JPG,.JPE
G,.JBIG2,.JB2,.eps]
(grfext)             \AppendGraphicsExtensions on input line 452.

(/usr/share/texlive/texmf-dist/tex/latex/latexconfig/epstopdf-sys.cfg
File: epstopdf-sys.cfg 2010/07/13 v1.3 Configuration of (r)epstopdf for TeX Liv
e
))
Package caption Info: Begin \AtBeginDocument code.
Package caption Info: End \AtBeginDocument code.
\openout3 = `LIPIDionINTERACTNotes.bib'.



Class revtex4-1 Warning: Assuming \noaffiliation for authors.

LaTeX Font Info:    Font shape `OT1/ptm/bx/n' in size <12> not available
(Font)              Font shape `OT1/ptm/b/n' tried instead on input line 77.
LaTeX Font Info:    Font shape `OT1/ptm/bx/n' in size <8> not available
(Font)              Font shape `OT1/ptm/b/n' tried instead on input line 77.

Underfull \hbox (badness 2932) in paragraph at lines 77--77
  [][]\OT1/ptm/b/n/8 Author to whom cor-re-spon-dence may be ad-dressed. E-mail
:
 []

LaTeX Font Info:    Font shape `OT1/ptm/bx/n' in size <10> not available
(Font)              Font shape `OT1/ptm/b/n' tried instead on input line 81.

Underfull \hbox (badness 10000) in paragraph at lines 80--82

 []

LaTeX Font Info:    Font shape `OT1/ptm/bx/n' in size <9> not available
(Font)              Font shape `OT1/ptm/b/n' tried instead on input line 83.
[1{/var/lib/texmf/fonts/map/pdftex/updmap/pdftex.map}]

LaTeX Warning: No positions in optional float specifier.
               Default added (so using `tbp') on input line 182.

Package epstopdf Info: Source file: <POPCstructure.eps>
(epstopdf)                    date: 2015-01-22 12:22:15
(epstopdf)                    size: 794141 bytes
(epstopdf)             Output file: <POPCstructure-eps-converted-to.pdf>
(epstopdf)                    date: 2015-01-22 12:22:31
(epstopdf)                    size: 11539 bytes
(epstopdf)             Command: <repstopdf --outfile=POPCstructure-eps-converte
d-to.pdf POPCstructure.eps>
(epstopdf)             \includegraphics on input line 184.
Package epstopdf Info: Output file is already uptodate.
<POPCstructure-eps-converted-to.pdf, id=12, 722.7pt x 542.025pt>
File: POPCstructure-eps-converted-to.pdf Graphic file (type pdf)

<use POPCstructure-eps-converted-to.pdf>
Package pdftex.def Info: POPCstructure-eps-converted-to.pdf used on input line 
184.
(pdftex.def)             Requested size: 244.69386pt x 183.51689pt.


LaTeX Warning: No positions in optional float specifier.
               Default added (so using `tbp') on input line 215.

Package epstopdf Info: Source file: <OrderParameterIONSnaclSIGN.eps>
(epstopdf)                    date: 2015-02-24 09:51:55
(epstopdf)                    size: 34553 bytes
(epstopdf)             Output file: <OrderParameterIONSnaclSIGN-eps-converted-t
o.pdf>
(epstopdf)                    date: 2015-02-24 12:58:45
(epstopdf)                    size: 11625 bytes
(epstopdf)             Command: <repstopdf --outfile=OrderParameterIONSnaclSIGN
-eps-converted-to.pdf OrderParameterIONSnaclSIGN.eps>
(epstopdf)             \includegraphics on input line 217.
Package epstopdf Info: Output file is already uptodate.
<OrderParameterIONSnaclSIGN-eps-converted-to.pdf, id=13, 505.89pt x 867.24pt>
File: OrderParameterIONSnaclSIGN-eps-converted-to.pdf Graphic file (type pdf)

<use OrderParameterIONSnaclSIGN-eps-converted-to.pdf>
Package pdftex.def Info: OrderParameterIONSnaclSIGN-eps-converted-to.pdf used o
n input line 217.
(pdftex.def)             Requested size: 227.62204pt x 390.2147pt.


LaTeX Warning: No positions in optional float specifier.
               Default added (so using `tbp') on input line 227.

Package epstopdf Info: Source file: <OrderParameterIONSCaCl.eps>
(epstopdf)                    date: 2015-02-24 13:06:23
(epstopdf)                    size: 30161 bytes
(epstopdf)             Output file: <OrderParameterIONSCaCl-eps-converted-to.pd
f>
(epstopdf)                    date: 2015-02-24 13:10:39
(epstopdf)                    size: 11551 bytes
(epstopdf)             Command: <repstopdf --outfile=OrderParameterIONSCaCl-eps
-converted-to.pdf OrderParameterIONSCaCl.eps>
(epstopdf)             \includegraphics on input line 229.
Package epstopdf Info: Output file is already uptodate.
<OrderParameterIONSCaCl-eps-converted-to.pdf, id=14, 505.89pt x 867.24pt>
File: OrderParameterIONSCaCl-eps-converted-to.pdf Graphic file (type pdf)

<use OrderParameterIONSCaCl-eps-converted-to.pdf>
Package pdftex.def Info: OrderParameterIONSCaCl-eps-converted-to.pdf used on in
put line 229.
(pdftex.def)             Requested size: 227.62204pt x 390.2147pt.


Package natbib Warning: Citation `??' on page 2 undefined on input line 250.

LaTeX Font Info:    Font shape `OT1/ptm/bx/n' in size <7> not available
(Font)              Font shape `OT1/ptm/b/n' tried instead on input line 250.

Package natbib Warning: Citation `??' on page 2 undefined on input line 251.


Package natbib Warning: Citation `??' on page 2 undefined on input line 254.


Package natbib Warning: Citation `??' on page 2 undefined on input line 255.


Package natbib Warning: Citation `??' on page 2 undefined on input line 256.


Package natbib Warning: Citation `??' on page 2 undefined on input line 257.


Package natbib Warning: Citation `??' on page 2 undefined on input line 260.


Package natbib Warning: Citation `??' on page 2 undefined on input line 261.


Package natbib Warning: Citation `??' on page 2 undefined on input line 262.


Package natbib Warning: Citation `??' on page 2 undefined on input line 263.


Package natbib Warning: Citation `??' on page 2 undefined on input line 265.


Package natbib Warning: Citation `??' on page 2 undefined on input line 266.


Package natbib Warning: Citation `??' on page 2 undefined on input line 267.


Package natbib Warning: Citation `??' on page 2 undefined on input line 268.


Package natbib Warning: Citation `??' on page 2 undefined on input line 269.


Package natbib Warning: Citation `??' on page 2 undefined on input line 272.


LaTeX Warning: No positions in optional float specifier.
               Default added (so using `tbp') on input line 316.

Package epstopdf Info: Source file: <OrderParameterIONSchanges.eps>
(epstopdf)                    date: 2015-02-24 12:14:45
(epstopdf)                    size: 35161 bytes
(epstopdf)             Output file: <OrderParameterIONSchanges-eps-converted-to
.pdf>
(epstopdf)                    date: 2015-02-24 12:58:46
(epstopdf)                    size: 13065 bytes
(epstopdf)             Command: <repstopdf --outfile=OrderParameterIONSchanges-
eps-converted-to.pdf OrderParameterIONSchanges.eps>
(epstopdf)             \includegraphics on input line 318.
Package epstopdf Info: Output file is already uptodate.

<OrderParameterIONSchanges-eps-converted-to.pdf, id=15, 707.64375pt x 614.295pt
>
File: OrderParameterIONSchanges-eps-converted-to.pdf Graphic file (type pdf)
 <use OrderParameterIONSchanges-eps-converted-to.pdf>
Package pdftex.def Info: OrderParameterIONSchanges-eps-converted-to.pdf used on
 input line 318.
(pdftex.def)             Requested size: 227.62204pt x 197.59073pt.


Package natbib Warning: Citation `??' on page 2 undefined on input line 326.


Package natbib Warning: Citation `??' on page 2 undefined on input line 326.

Missing character: There is no ‚ in font ptmb7t!
Missing character: There is no à in font ptmb7t!
Missing character: There is no í in font ptmb7t!
[2 <./POPCstructure-eps-converted-to.pdf>]

LaTeX Warning: No positions in optional float specifier.
               Default added (so using `tbp') on input line 368.

Package epstopdf Info: Source file: <IONdensities.eps>
(epstopdf)                    date: 2015-02-18 13:52:15
(epstopdf)                    size: 38209 bytes
(epstopdf)             Output file: <IONdensities-eps-converted-to.pdf>
(epstopdf)                    date: 2015-02-18 13:53:07
(epstopdf)                    size: 12037 bytes
(epstopdf)             Command: <repstopdf --outfile=IONdensities-eps-converted
-to.pdf IONdensities.eps>
(epstopdf)             \includegraphics on input line 370.
Package epstopdf Info: Output file is already uptodate.
<IONdensities-eps-converted-to.pdf, id=24, 505.89pt x 867.24pt>
File: IONdensities-eps-converted-to.pdf Graphic file (type pdf)

<use IONdensities-eps-converted-to.pdf>
Package pdftex.def Info: IONdensities-eps-converted-to.pdf used on input line 3
70.
(pdftex.def)             Requested size: 227.62204pt x 390.2147pt.
 [3]

LaTeX Warning: A float is stuck (cannot be placed) on input line 416.


LaTeX Warning: A float is stuck (cannot be placed) on input line 416.


Class revtex4-1 Warning: Deferred float stuck during \clearpage processing.

[4 <./OrderParameterIONSnaclSIGN-eps-converted-to.pdf> <./OrderParameterIONSCaC
l-eps-converted-to.pdf>]

LaTeX Warning: A float is stuck (cannot be placed) on input line 447.


LaTeX Warning: A float is stuck (cannot be placed) on input line 447.


Class revtex4-1 Warning: Deferred float stuck during \clearpage processing.

(./LIPIDionINTERACT.bbl
Missing character: There is no √ in font ptmr7t!
Missing character: There is no © in font ptmr7t!
Missing character: There is no √ in font ptmr7t!
Missing character: There is no § in font ptmr7t!
 [5 <./OrderParameterIONSchanges-eps-converted-to.pdf>]

LaTeX Warning: A float is stuck (cannot be placed) on input line 123.


LaTeX Warning: A float is stuck (cannot be placed) on input line 123.


Class revtex4-1 Warning: Deferred float stuck during \clearpage processing.

LaTeX Font Info:    Try loading font information for OT1+pcr on input line 141.

(/usr/share/texlive/texmf-dist/tex/latex/psnfss/ot1pcr.fd
File: ot1pcr.fd 2001/06/04 font definitions for OT1/pcr.
)
Underfull \hbox (badness 1152) in paragraph at lines 134--142
 []\OT1/ptm/m/n/9 S. Garcia-Manyes, G. Oncins, and F. Sanz, Elec-trochim-
 []


Underfull \hbox (badness 7925) in paragraph at lines 134--142
 \OT1/ptm/m/n/9 ica Acta \OT1/ptm/b/n/9 51\OT1/ptm/m/n/9 , 5029  (2006), ISSN 0
013-4686, bio-
 []


Underfull \hbox (badness 10000) in paragraph at lines 134--142
 \OT1/ptm/m/n/9 elec-tro-chem-istry 2005 Bio-elec-tro-chem-istry 2005, URL
 []


Underfull \hbox (badness 10000) in paragraph at lines 134--142
 \OT1/pcr/m/n/9 http : / / www . sciencedirect . com / science /
 []

Missing character: There is no √ in font ptmr7t!
Missing character: There is no º in font ptmr7t!
Missing character: There is no Ã in font ptmr7t!
Missing character: There is no Å in font ptmr7t!

Underfull \hbox (badness 1077) in paragraph at lines 257--273
 []\OT1/ptm/m/n/9 A. Botan, A. Catte, F. Favela, P. Fuchs, M. Ja-vanainen,
 []


Underfull \hbox (badness 1783) in paragraph at lines 257--273
 \OT1/ptm/m/n/9 W. Kulig, A. Lam-berg, M. S. Mi-et-ti-nen, L. Mon-ti-celli,
 []


Underfull \hbox (badness 1642) in paragraph at lines 332--339
 []\OT1/ptm/m/n/9 A. Ma-ciejew-ski, M. Pasenkiewicz-Gierula, O. Cra-mar-iuc,
 []


Underfull \hbox (badness 7504) in paragraph at lines 359--362
 []\OT1/ptm/m/n/9 J. M[]a[]att[]a (2014), URL $\OT1/pcr/m/n/9 {http : / / dx . 
doi . org / 10 .
 []


Underfull \hbox (badness 10000) in paragraph at lines 374--383
 []\OT1/ptm/m/n/9 H. Hauser, W. Guyer, B. Levine, P. Skra-bal, and
 []


Underfull \hbox (badness 4765) in paragraph at lines 374--383
 \OT1/ptm/m/n/9 R. Williams, Biochim-ica et Bio-phys-ica Acta (BBA) -
 []


Underfull \hbox (badness 10000) in paragraph at lines 374--383
 \OT1/pcr/m/n/9 http : / / www . sciencedirect . com / science /
 []

) [6]

LaTeX Warning: A float is stuck (cannot be placed) on input line 502.


LaTeX Warning: A float is stuck (cannot be placed) on input line 502.


Class revtex4-1 Warning: Deferred float stuck during \clearpage processing.

Missing character: There is no √ in font ptmr7t!
Missing character: There is no ® in font ptmr7t!
(./LIPIDionINTERACT.lod [7]

LaTeX Warning: A float is stuck (cannot be placed) on input line 1.

[8 <./IONdensities-eps-converted-to.pdf>]
Missing character: There is no √ in font ptmr7t!
Missing character: There is no § in font ptmr7t!
Missing character: There is no √ in font ptmr7t!
Missing character: There is no § in font ptmr7t!
Missing character: There is no √ in font ptmr7t!
Missing character: There is no § in font ptmr7t!
Missing character: There is no √ in font ptmr7t!
Missing character: There is no § in font ptmr7t!
Missing character: There is no √ in font ptmr7t!
Missing character: There is no § in font ptmr7t!
Missing character: There is no √ in font ptmr7t!
Missing character: There is no § in font ptmr7t!
Missing character: There is no √ in font ptmr7t!
Missing character: There is no § in font ptmr7t!
Missing character: There is no √ in font ptmr7t!
Missing character: There is no § in font ptmr7t!
Missing character: There is no √ in font ptmr7t!
Missing character: There is no § in font ptmr7t!
Missing character: There is no ‚ in font ptmr7t!
Missing character: There is no à in font ptmr7t!
Missing character: There is no í in font ptmr7t!

Underfull \hbox (badness 2653) in paragraph at lines 35--35
[][] \OT1/ptm/m/n/10 31.  I think that it would be very in-ter-est-ing to test 
the mod-i-fied CHARMM ions: Ven-able et al. 
 []


Underfull \hbox (badness 10000) in paragraph at lines 42--42
[][] \OT1/ptm/m/n/10 33. This fig-ure is in progress, how-ever, the main point 
can be seen.  
 []

[9]
Underfull \hbox (badness 10000) in paragraph at lines 42--42
[]\OT1/ptm/m/n/10 - The lipid den-sity from MacRog sim-u-la-tion is miss-ing. M
aybe Matti Ja-vanainen could pro- 
 []


Underfull \hbox (badness 10000) in paragraph at lines 42--42
\OT1/ptm/m/n/10 vide this? If the data will be up-loaded to Zen-odo, it also tr
iv-ial to cal-cu-late it with script.  
 []


Underfull \hbox (badness 10000) in paragraph at lines 42--42
\OT1/ptm/m/n/10 ion-lipid.html?showComment=1423750867868#c3435589938183508901. 
 
 []


Underfull \hbox (badness 10000) in paragraph at lines 42--42
[]\OT1/ptm/m/n/10 The sys-tems are here now with quite dif-fer-ent con-cen-tra-
tions so com-par-i-son is not straigth- 
 []


Underfull \hbox (badness 10000) in paragraph at lines 42--42
\OT1/ptm/m/n/10 for-ward. One op-tion would be to run sim-u-la-tions of all sys
-tems with 150mM which 
 []


Underfull \hbox (badness 10000) in paragraph at lines 42--42
\OT1/ptm/m/n/10 would be close to phys-i-o-log-i-cal con-cen-tra-tions, and sho
w the den-sity dis-tri-bu-tions from those here.  
 []


Underfull \hbox (badness 10000) in paragraph at lines 42--42
[]\OT1/ptm/m/n/10 - I think that CHARMM36 sim-u-la-tion with CaCl$[]$ should be
 done  
 []

)
\tf@lod=\write4
\openout4 = `LIPIDionINTERACT.lod'.



Package natbib Warning: There were undefined citations.

[10] (./LIPIDionINTERACT.aux) ) 
Here is how much of TeX's memory you used:
 6009 strings out of 493493
 86828 string characters out of 3143797
 186757 words of memory out of 3000000
 9215 multiletter control sequences out of 15000+200000
 26813 words of font info for 54 fonts, out of 3000000 for 9000
 957 hyphenation exceptions out of 8191
 38i,15n,43p,1228b,446s stack positions out of 5000i,500n,10000p,200000b,50000s
{/usr/share/texlive/texmf-dist/fonts/enc/dvips/b
ase/8r.enc}</usr/share/texlive/texmf-dist/fonts/type1/public/amsfonts/cm/cmmi10
.pfb></usr/share/texlive/texmf-dist/fonts/type1/public/amsfonts/cm/cmmi7.pfb></
usr/share/texlive/texmf-dist/fonts/type1/public/amsfonts/cm/cmr10.pfb></usr/sha
re/texlive/texmf-dist/fonts/type1/public/amsfonts/cm/cmr5.pfb></usr/share/texli
ve/texmf-dist/fonts/type1/public/amsfonts/cm/cmr6.pfb></usr/share/texlive/texmf
-dist/fonts/type1/public/amsfonts/cm/cmr7.pfb></usr/share/texlive/texmf-dist/fo
nts/type1/public/amsfonts/cm/cmsy10.pfb></usr/share/texlive/texmf-dist/fonts/ty
pe1/public/amsfonts/cm/cmsy6.pfb></usr/share/texlive/texmf-dist/fonts/type1/pub
lic/amsfonts/cm/cmsy7.pfb></usr/share/texlive/texmf-dist/fonts/type1/urw/courie
r/ucrr8a.pfb></usr/share/texlive/texmf-dist/fonts/type1/urw/times/utmb8a.pfb></
usr/share/texlive/texmf-dist/fonts/type1/urw/times/utmr8a.pfb></usr/share/texli
ve/texmf-dist/fonts/type1/urw/times/utmri8a.pfb>
Output written on LIPIDionINTERACT.pdf (10 pages, 218454 bytes).
PDF statistics:
 130 PDF objects out of 1000 (max. 8388607)
 91 compressed objects within 1 object stream
 0 named destinations out of 1000 (max. 500000)
 26 words of extra memory for PDF output out of 10000 (max. 10000000)

