This is pdfTeX, Version 3.1415926-2.4-1.40.13 (TeX Live 2012/Debian) (format=pdflatex 2013.1.18)  16 FEB 2015 13:36
entering extended mode
 restricted \write18 enabled.
 %&-line parsing enabled.
**HGmodel_draft3.tex
(./HGmodel_draft3.tex
LaTeX2e <2011/06/27>
Babel <v3.8m> and hyphenation patterns for english, dumylang, nohyphenation, et
hiopic, farsi, arabic, pinyin, croatian, bulgarian, ukrainian, russian, slovak,
 czech, danish, dutch, usenglishmax, ukenglish, finnish, french, basque, ngerma
n, german, swissgerman, ngerman-x-2012-05-30, german-x-2012-05-30, monogreek, g
reek, ibycus, ancientgreek, hungarian, bengali, tamil, hindi, telugu, gujarati,
 sanskrit, malayalam, kannada, assamese, marathi, oriya, panjabi, italian, lati
n, latvian, lithuanian, mongolian, mongolianlmc, nynorsk, bokmal, indonesian, e
speranto, coptic, welsh, irish, interlingua, serbian, serbianc, slovenian, friu
lan, romansh, estonian, romanian, armenian, uppersorbian, turkish, afrikaans, i
celandic, kurmanji, polish, portuguese, galician, catalan, spanish, swedish, lo
aded.
(/usr/share/texlive/texmf-dist/tex/latex/revtex/revtex4-1.cls
Document Class: revtex4-1 2010/07/25/20:33:00 4.1r (http://publish.aps.org/revt
ex4/ for documentation)
 Copyright (c) 2009 The American Physical Society.
 mailto:revtex@aps.org
 Licensed under the LPPL:
http://www.ctan.org/tex-archive/macros/latex/base/lppl.txt
 Arthur Ogawa <arthur_ogawa at sbcglobal dot net>
 Based on work by David Carlisle <david at dcarlisle.demon.co.uk>.
ltxutil[2010/07/25/20:33:00 4.1r utilities package (portions licensed from W. E
. Baxter web at superscript.com)]
LaTeX Info: Redefining \@centercr on input line 308.
Class revtex4-1 Info: Repairing broken LaTeX eqnarray on input line 358.
\eqncolsep=\skip41
Class revtex4-1 Info: Repairing hyperref-unfriendly LaTeX definition of \mpfoot
note on input line 433.
Class revtex4-1 Info: Repairing broken LateX \@sect on input line 755.
\intertabularlinepenalty=\count79
\@tbpen=\count80
\@arstrutbox@hline=\box26
Class revtex4-1 Info: Repairing broken LaTeX \@xbitor on input line 1786.
Class revtex4-1 Info: Making \typeout \long on input line 2046.
ltxfront[2010/07/25/20:33:00 4.1r frontmatter package (AO,DPC)]
\c@affil=\count81
\c@collab=\count82
\absbox=\box27
ltxgrid[2010/07/25/20:33:00 4.1r page grid package (portions licensed from W. E
. Baxter web at superscript.com)]
\c@linecount=\count83
\output@latex=\toks14
\box@size@1=\box28
\box@size@2=\box29
\@protection@box=\box30
\@topmark@saved=\toks15
\footins@saved=\box31
\footins@recovered=\box32
\column@recovered=\box33
\pagesofar=\box34
\footsofar=\box35
\pagegrid@col=\count84
Class revtex4-1 Info: Overriding \@vspace, \@vspacer, \@no@pgbk, \@newline, and
 \\  on input line 5578.
\c@part=\count85
\c@section=\count86
\c@subsection=\count87
\c@subsubsection=\count88
\c@paragraph=\count89
\c@subparagraph=\count90
\abovecaptionskip=\skip42
\belowcaptionskip=\skip43
\c@figure=\count91
\fbox@1=\box36
\c@table=\count92
\fbox@2=\box37
\c@video=\count93
\fbox@4=\box38
\@bibdataout=\write3
\widetext@top=\box39
\widetext@bot=\box40
Class revtex4-1 Info: Selecting society aps on input line 7542.
(/usr/share/texlive/texmf-dist/tex/latex/revtex/aps4-1.rtx
File: aps4-1 2010/07/25/20:33:00 4.1r (http://publish.aps.org/revtex4/ for docu
mentation)
Class revtex4-1 Info: RevTeX society APS selected on input line 31.
)
Class revtex4-1 Info: Selecting journal pre on input line 7544.
Class revtex4-1 Info: APS journal PRE selected on input line 7545.


Class revtex4-1 Warning: No type size specified, using default 10.

(/usr/share/texlive/texmf-dist/tex/latex/revtex/aps10pt4-1.rtx
File: aps10pt4-1 2010/07/25/20:33:00 4.1r (http://publish.aps.org/revtex4/ for 
documentation)
Class revtex4-1 Info: RevTeX pointsize 10pt selected on input line 30.
)
(/usr/share/texlive/texmf-dist/tex/latex/textcase/textcase.sty
Package: textcase 2004/10/07 v0.07 Text only upper/lower case changing (DPC)
)
(/usr/share/texlive/texmf-dist/tex/latex/url/url.sty
\Urlmuskip=\muskip10
Package: url 2006/04/12  ver 3.3  Verb mode for urls, etc.
)
(/usr/share/texlive/texmf-dist/tex/latex/natbib/natbib.sty
Package: natbib 2010/09/13 8.31b (PWD, AO)
\bibhang=\skip44
\bibsep=\skip45
LaTeX Info: Redefining \cite on input line 694.
\c@NAT@ctr=\count94
)
Class revtex4-1 Info: Repairing natbib's \BibitemShut on input line 7549.

(/usr/share/texlive/texmf-dist/tex/latex/revtex/revsymb4-1.sty
Package: revsymb4-1 2010/07/25/20:33:00 4.1r (http://publish.aps.org/revtex4/ f
or documentation)
LaTeX Info: Redefining \REV@mathfrak on input line 119.
))
(/usr/share/texlive/texmf-dist/tex/latex/rotating/rotating.sty
Package: rotating 2009/03/28 v2.16a rotated objects in LaTeX

(/usr/share/texlive/texmf-dist/tex/latex/graphics/graphicx.sty
Package: graphicx 1999/02/16 v1.0f Enhanced LaTeX Graphics (DPC,SPQR)

(/usr/share/texlive/texmf-dist/tex/latex/graphics/keyval.sty
Package: keyval 1999/03/16 v1.13 key=value parser (DPC)
\KV@toks@=\toks16
)
(/usr/share/texlive/texmf-dist/tex/latex/graphics/graphics.sty
Package: graphics 2009/02/05 v1.0o Standard LaTeX Graphics (DPC,SPQR)

(/usr/share/texlive/texmf-dist/tex/latex/graphics/trig.sty
Package: trig 1999/03/16 v1.09 sin cos tan (DPC)
)
(/usr/share/texlive/texmf-dist/tex/latex/latexconfig/graphics.cfg
File: graphics.cfg 2010/04/23 v1.9 graphics configuration of TeX Live
)
Package graphics Info: Driver file: pdftex.def on input line 91.

(/usr/share/texlive/texmf-dist/tex/latex/pdftex-def/pdftex.def
File: pdftex.def 2011/05/27 v0.06d Graphics/color for pdfTeX

(/usr/share/texlive/texmf-dist/tex/generic/oberdiek/infwarerr.sty
Package: infwarerr 2010/04/08 v1.3 Providing info/warning/error messages (HO)
)
(/usr/share/texlive/texmf-dist/tex/generic/oberdiek/ltxcmds.sty
Package: ltxcmds 2011/11/09 v1.22 LaTeX kernel commands for general use (HO)
)
\Gread@gobject=\count95
))
\Gin@req@height=\dimen102
\Gin@req@width=\dimen103
)
(/usr/share/texlive/texmf-dist/tex/latex/base/ifthen.sty
Package: ifthen 2001/05/26 v1.1c Standard LaTeX ifthen package (DPC)
)
\c@r@tfl@t=\count96
\rotFPtop=\skip46
\rotFPbot=\skip47
\rot@float@box=\box41
\rot@mess@toks=\toks17
)
(/usr/share/texlive/texmf-dist/tex/latex/psnfss/times.sty
Package: times 2005/04/12 PSNFSS-v9.2a (SPQR) 
)
(/usr/share/texlive/texmf-dist/tex/latex/setspace/setspace.sty
Package: setspace 2011/12/19 v6.7a set line spacing
)
(/usr/share/texlive/texmf-dist/tex/latex/amsmath/amsmath.sty
Package: amsmath 2000/07/18 v2.13 AMS math features
\@mathmargin=\skip48

For additional information on amsmath, use the `?' option.
(/usr/share/texlive/texmf-dist/tex/latex/amsmath/amstext.sty
Package: amstext 2000/06/29 v2.01

(/usr/share/texlive/texmf-dist/tex/latex/amsmath/amsgen.sty
File: amsgen.sty 1999/11/30 v2.0
\@emptytoks=\toks18
\ex@=\dimen104
)
LaTeX Info: Redefining \text on input line 53.
)
(/usr/share/texlive/texmf-dist/tex/latex/amsmath/amsbsy.sty
Package: amsbsy 1999/11/29 v1.2d
\pmbraise@=\dimen105
)
(/usr/share/texlive/texmf-dist/tex/latex/amsmath/amsopn.sty
Package: amsopn 1999/12/14 v2.01 operator names
)
\inf@bad=\count97
LaTeX Info: Redefining \frac on input line 211.
\uproot@=\count98
\leftroot@=\count99
LaTeX Info: Redefining \overline on input line 307.
\classnum@=\count100
\DOTSCASE@=\count101
LaTeX Info: Redefining \ldots on input line 379.
LaTeX Info: Redefining \dots on input line 382.
LaTeX Info: Redefining \cdots on input line 467.
\Mathstrutbox@=\box42
\strutbox@=\box43
\big@size=\dimen106
LaTeX Font Info:    Redeclaring font encoding OML on input line 567.
LaTeX Font Info:    Redeclaring font encoding OMS on input line 568.
\macc@depth=\count102
\c@MaxMatrixCols=\count103
\dotsspace@=\muskip11
\c@parentequation=\count104
\dspbrk@lvl=\count105
\tag@help=\toks19
\row@=\count106
\column@=\count107
\maxfields@=\count108
\andhelp@=\toks20
\eqnshift@=\dimen107
\alignsep@=\dimen108
\tagshift@=\dimen109
\tagwidth@=\dimen110
\totwidth@=\dimen111
\lineht@=\dimen112
\@envbody=\toks21
\multlinegap=\skip49
\multlinetaggap=\skip50
\mathdisplay@stack=\toks22
LaTeX Info: Redefining \[ on input line 2666.
LaTeX Info: Redefining \] on input line 2667.
)
(/usr/share/texlive/texmf-dist/tex/latex/caption/caption.sty
Package: caption 2012/02/19 v3.2f Customizing captions (AR)

(/usr/share/texlive/texmf-dist/tex/latex/caption/caption3.sty
Package: caption3 2012/01/12 v1.4b caption3 kernel (AR)
\captionmargin=\dimen113
\captionmargin@=\dimen114
\captionwidth=\dimen115
\caption@indent=\dimen116
\caption@parindent=\dimen117
\caption@hangindent=\dimen118
Package caption Info: Unknown document class (or package),
(caption)             standard defaults will be used.
)

Package caption Warning: Unsupported document class (or package) detected,
(caption)                usage of the caption package is not recommended.
See the caption package documentation for explanation.

Package caption Info: \@makecaption = \long macro:#1#2->\par \vskip \abovecapti
onskip \begingroup \small \rmfamily \sbox \@tempboxa {\let \\\heading@cr \@make
@capt@title {#1}{#2}}\@ifdim {\wd \@tempboxa >\hsize }{\begingroup \samepage \f
lushing \let \footnote \@footnotemark@gobble \@make@capt@title {#1}{#2}\par \en
dgroup }{\global \@minipagefalse \hb@xt@ \hsize {\hfil \unhbox \@tempboxa \hfil
 }}\endgroup \vskip \belowcaptionskip .
\c@ContinuedFloat=\count109
Package caption Info: rotating package is loaded.
) (/usr/share/texlive/texmf-dist/tex/latex/caption/subcaption.sty
Package: subcaption 2012/01/12 v1.1d Sub-captions (AR)
\c@subfigure=\count110
\c@subtable=\count111
)
(./easy-todo.sty
Package: easy-todo 2014/01/01
 (/usr/share/texlive/texmf-dist/tex/latex/graphics/color.sty
Package: color 2005/11/14 v1.0j Standard LaTeX Color (DPC)

(/usr/share/texlive/texmf-dist/tex/latex/latexconfig/color.cfg
File: color.cfg 2007/01/18 v1.5 color configuration of teTeX/TeXLive
)
Package color Info: Driver file: pdftex.def on input line 130.
)
(/usr/share/texlive/texmf-dist/tex/latex/tocloft/tocloft.sty
Package: tocloft 2010/10/13 v2.3e parameterised ToC, etc., typesetting
Package tocloft Info: The document has section divisions on input line 43.
\cftparskip=\skip51
\cftbeforetoctitleskip=\skip52
\cftaftertoctitleskip=\skip53
\cftbeforepartskip=\skip54
\cftpartnumwidth=\skip55
\cftpartindent=\skip56
\cftbeforesecskip=\skip57
\cftsecindent=\skip58
\cftsecnumwidth=\skip59
\cftbeforesubsecskip=\skip60
\cftsubsecindent=\skip61
\cftsubsecnumwidth=\skip62
\cftbeforesubsubsecskip=\skip63
\cftsubsubsecindent=\skip64
\cftsubsubsecnumwidth=\skip65
\cftbeforeparaskip=\skip66
\cftparaindent=\skip67
\cftparanumwidth=\skip68
\cftbeforesubparaskip=\skip69
\cftsubparaindent=\skip70
\cftsubparanumwidth=\skip71
\cftbeforeloftitleskip=\skip72
\cftafterloftitleskip=\skip73
\cftbeforefigskip=\skip74
\cftfigindent=\skip75
\cftfignumwidth=\skip76
\c@lofdepth=\count112
\c@lotdepth=\count113
\cftbeforelottitleskip=\skip77
\cftafterlottitleskip=\skip78
\cftbeforetabskip=\skip79
\cfttabindent=\skip80
\cfttabnumwidth=\skip81
)
(/usr/share/texlive/texmf-dist/tex/latex/oberdiek/ifdraft.sty
Package: ifdraft 2008/08/11 v1.3 Detect class options draft and final (HO)
)
\c@todos=\count114
\cftbeforetodosskip=\skip82
\cfttodosindent=\skip83
\cfttodosnumwidth=\skip84
\c@loddepth=\count115
\cftbeforelodtitleskip=\skip85
\cftafterlodtitleskip=\skip86
)
(/usr/share/texlive/texmf-dist/tex/latex/footmisc/footmisc.sty
Package: footmisc 2011/06/06 v5.5b a miscellany of footnote facilities
\FN@temptoken=\toks23
\footnotemargin=\dimen119
\c@pp@next@reset=\count116
Package footmisc Info: Declaring symbol style bringhurst on input line 855.
Package footmisc Info: Declaring symbol style chicago on input line 863.
Package footmisc Info: Declaring symbol style wiley on input line 872.
Package footmisc Info: Declaring symbol style lamport-robust on input line 883.

Package footmisc Info: Declaring symbol style lamport* on input line 903.
Package footmisc Info: Declaring symbol style lamport*-robust on input line 924
.
)
(/usr/share/texlive/texmf-dist/tex/generic/ulem/ulem.sty
\UL@box=\box44
\UL@hyphenbox=\box45
\UL@skip=\skip87
\UL@hook=\toks24
\UL@height=\dimen120
\UL@pe=\count117
\UL@pixel=\dimen121
\ULC@box=\box46
Package: ulem 2012/05/18
\ULdepth=\dimen122
)
Class revtex4-1 Info: Patching LaTeX tabular. on input line 29.
Class revtex4-1 Info: Robustifying \LaTeX's \boldmath command on input line 29.

Class revtex4-1 Info: cite was not loaded (OK!) on input line 29.
Class revtex4-1 Info: mcite was not loaded (OK!) on input line 29.
Class revtex4-1 Info: multicol was not loaded (OK!) on input line 29.


LaTeX Warning: Unused global option(s):
    [authordate1-4].

(./HGmodel_draft3.aux)
\openout1 = `HGmodel_draft3.aux'.

LaTeX Font Info:    Checking defaults for OML/cmm/m/it on input line 29.
LaTeX Font Info:    ... okay on input line 29.
LaTeX Font Info:    Checking defaults for T1/cmr/m/n on input line 29.
LaTeX Font Info:    ... okay on input line 29.
LaTeX Font Info:    Checking defaults for OT1/cmr/m/n on input line 29.
LaTeX Font Info:    ... okay on input line 29.
LaTeX Font Info:    Checking defaults for OMS/cmsy/m/n on input line 29.
LaTeX Font Info:    ... okay on input line 29.
LaTeX Font Info:    Checking defaults for OMX/cmex/m/n on input line 29.
LaTeX Font Info:    ... okay on input line 29.
LaTeX Font Info:    Checking defaults for U/cmr/m/n on input line 29.
LaTeX Font Info:    ... okay on input line 29.
LaTeX Font Info:    Try loading font information for OT1+ptm on input line 29.

(/usr/share/texlive/texmf-dist/tex/latex/psnfss/ot1ptm.fd
File: ot1ptm.fd 2001/06/04 font definitions for OT1/ptm.
)
(/usr/share/texlive/texmf-dist/tex/context/base/supp-pdf.mkii
[Loading MPS to PDF converter (version 2006.09.02).]
\scratchcounter=\count118
\scratchdimen=\dimen123
\scratchbox=\box47
\nofMPsegments=\count119
\nofMParguments=\count120
\everyMPshowfont=\toks25
\MPscratchCnt=\count121
\MPscratchDim=\dimen124
\MPnumerator=\count122
\makeMPintoPDFobject=\count123
\everyMPtoPDFconversion=\toks26
) (/usr/share/texlive/texmf-dist/tex/generic/oberdiek/pdftexcmds.sty
Package: pdftexcmds 2011/11/29 v0.20 Utility functions of pdfTeX for LuaTeX (HO
)

(/usr/share/texlive/texmf-dist/tex/generic/oberdiek/ifluatex.sty
Package: ifluatex 2010/03/01 v1.3 Provides the ifluatex switch (HO)
Package ifluatex Info: LuaTeX not detected.
)
(/usr/share/texlive/texmf-dist/tex/generic/oberdiek/ifpdf.sty
Package: ifpdf 2011/01/30 v2.3 Provides the ifpdf switch (HO)
Package ifpdf Info: pdfTeX in PDF mode is detected.
)
Package pdftexcmds Info: LuaTeX not detected.
Package pdftexcmds Info: \pdf@primitive is available.
Package pdftexcmds Info: \pdf@ifprimitive is available.
Package pdftexcmds Info: \pdfdraftmode found.
)
(/usr/share/texlive/texmf-dist/tex/latex/oberdiek/epstopdf-base.sty
Package: epstopdf-base 2010/02/09 v2.5 Base part for package epstopdf

(/usr/share/texlive/texmf-dist/tex/latex/oberdiek/grfext.sty
Package: grfext 2010/08/19 v1.1 Manage graphics extensions (HO)

(/usr/share/texlive/texmf-dist/tex/generic/oberdiek/kvdefinekeys.sty
Package: kvdefinekeys 2011/04/07 v1.3 Define keys (HO)
))
(/usr/share/texlive/texmf-dist/tex/latex/oberdiek/kvoptions.sty
Package: kvoptions 2011/06/30 v3.11 Key value format for package options (HO)

(/usr/share/texlive/texmf-dist/tex/generic/oberdiek/kvsetkeys.sty
Package: kvsetkeys 2012/04/25 v1.16 Key value parser (HO)

(/usr/share/texlive/texmf-dist/tex/generic/oberdiek/etexcmds.sty
Package: etexcmds 2011/02/16 v1.5 Avoid name clashes with e-TeX commands (HO)
Package etexcmds Info: Could not find \expanded.
(etexcmds)             That can mean that you are not using pdfTeX 1.50 or
(etexcmds)             that some package has redefined \expanded.
(etexcmds)             In the latter case, load this package earlier.
)))
Package grfext Info: Graphics extension search list:
(grfext)             [.png,.pdf,.jpg,.mps,.jpeg,.jbig2,.jb2,.PNG,.PDF,.JPG,.JPE
G,.JBIG2,.JB2,.eps]
(grfext)             \AppendGraphicsExtensions on input line 452.

(/usr/share/texlive/texmf-dist/tex/latex/latexconfig/epstopdf-sys.cfg
File: epstopdf-sys.cfg 2010/07/13 v1.3 Configuration of (r)epstopdf for TeX Liv
e
))
Package caption Info: Begin \AtBeginDocument code.
Package caption Info: End \AtBeginDocument code.
\openout3 = `HGmodel_draft3Notes.bib'.

LaTeX Font Info:    Try loading font information for OT1+pcr on input line 123.


(/usr/share/texlive/texmf-dist/tex/latex/psnfss/ot1pcr.fd
File: ot1pcr.fd 2001/06/04 font definitions for OT1/pcr.
)

Class revtex4-1 Warning: Assuming \noaffiliation for authors.

LaTeX Font Info:    Font shape `OT1/ptm/bx/n' in size <12> not available
(Font)              Font shape `OT1/ptm/b/n' tried instead on input line 133.
LaTeX Font Info:    Try loading font information for OMS+ptm on input line 133.

(/usr/share/texlive/texmf-dist/tex/latex/psnfss/omsptm.fd
File: omsptm.fd 
)
LaTeX Font Info:    Font shape `OMS/ptm/m/n' in size <7> not available
(Font)              Font shape `OMS/cmsy/m/n' tried instead on input line 133.
LaTeX Font Info:    Font shape `OMS/ptm/m/n' in size <6> not available
(Font)              Font shape `OMS/cmsy/m/n' tried instead on input line 133.
LaTeX Font Info:    Font shape `OT1/ptm/bx/n' in size <8> not available
(Font)              Font shape `OT1/ptm/b/n' tried instead on input line 133.

Underfull \hbox (badness 2932) in paragraph at lines 133--133
  [][]\OT1/ptm/b/n/8 Author to whom cor-re-spon-dence may be ad-dressed. E-mail
:
 []

LaTeX Font Info:    Font shape `OT1/ptm/bx/n' in size <10> not available
(Font)              Font shape `OT1/ptm/b/n' tried instead on input line 137.

Underfull \hbox (badness 10000) in paragraph at lines 136--138

 []

LaTeX Font Info:    Font shape `OT1/ptm/bx/n' in size <9> not available
(Font)              Font shape `OT1/ptm/b/n' tried instead on input line 139.
[1{/var/lib/texmf/fonts/map/pdftex/updmap/pdftex.map}]
LaTeX Font Info:    Font shape `OT1/ptm/bx/n' in size <7> not available
(Font)              Font shape `OT1/ptm/b/n' tried instead on input line 193.


LaTeX Warning: No positions in optional float specifier.
               Default added (so using `tbp') on input line 207.

Package epstopdf Info: Source file: <POPCstructure.eps>
(epstopdf)                    date: 2015-01-23 12:11:12
(epstopdf)                    size: 794141 bytes
(epstopdf)             Output file: <POPCstructure-eps-converted-to.pdf>
(epstopdf)                    date: 2015-01-23 12:11:17
(epstopdf)                    size: 11539 bytes
(epstopdf)             Command: <repstopdf --outfile=POPCstructure-eps-converte
d-to.pdf POPCstructure.eps>
(epstopdf)             \includegraphics on input line 209.
Package epstopdf Info: Output file is already uptodate.
<POPCstructure-eps-converted-to.pdf, id=11, 722.7pt x 542.025pt>
File: POPCstructure-eps-converted-to.pdf Graphic file (type pdf)

<use POPCstructure-eps-converted-to.pdf>
Package pdftex.def Info: POPCstructure-eps-converted-to.pdf used on input line 
209.
(pdftex.def)             Requested size: 244.69386pt x 183.51689pt.
 [2 <./POPCstructure-eps-converted-to.pdf>]
Underfull \hbox (badness 10000) in paragraph at lines 229--231
[]\OT1/ptm/m/n/10 Large por-tion of the used sim-u-la-tion files and
 []


Underfull \hbox (badness 10000) in paragraph at lines 229--231
\OT1/ptm/m/n/10 scripts are shared through the GitHub or-ga-ni-za-tion
 []


Underfull \hbox (badness 10000) in paragraph at lines 229--231
\OT1/pcr/m/n/10 https : / / github . com / NMRlipids$ \OT1/ptm/m/n/10 and the Z
en-
 []


Underfull \hbox (badness 1107) in paragraph at lines 242--261
\OT1/ptm/m/n/10 the mea-sured quadrupo-lar split-ting $\OT1/cmr/m/n/10 ^^A\OML/
cmm/m/it/10 ^^W[]$ \OT1/ptm/m/n/10 ($[]$H NMR) are
 []


Underfull \hbox (badness 1496) in paragraph at lines 242--261
\OT1/ptm/m/n/10 the value for the static quadrupole split-ting con-stant is
 []


Underfull \hbox (badness 10000) in paragraph at lines 242--261
\OT1/ptm/m/n/10 see $\OT1/pcr/m/n/10 http : / / nmrlipids . blogspot . fi / 201
4 / 02 /
 []


Overfull \hbox (2.0pt too wide) in paragraph at lines 242--261
\OT1/pcr/m/n/10 accuracy-[]of-[]order-[]parameter-[]measurements .
 []

LaTeX Font Info:    Font shape `OT1/pcr/bx/n' in size <10> not available
(Font)              Font shape `OT1/pcr/b/n' tried instead on input line 265.

Underfull \hbox (badness 1314) in paragraph at lines 262--266
\OT1/ptm/b/n/10 si-ble with both $[]$H NMR and $[]$C NMR tech-niques.
 []


Underfull \hbox (badness 2744) in paragraph at lines 262--266
\OT1/ptm/b/n/10 How-ever, only $[]$C NMR tech-niques al-low also the
 []


Underfull \hbox (badness 1728) in paragraph at lines 262--266
[]\OT1/ptm/b/n/10 , []]. The mea-sured sign is neg-a-tive for al-most
 []


Underfull \hbox (badness 1478) in paragraph at lines 262--266
\OT1/ptm/b/n/10 all the car-bons dis-cussed in this work as only $\OML/cmm/m/it
/10 $ \OT1/ptm/b/n/10 is
 []


Underfull \hbox (badness 1990) in paragraph at lines 262--266
\OT1/ptm/b/n/10 pos-i-tive [[], [], []]. For more de-tailed dis-cus-sion
 []


Underfull \hbox (badness 2418) in paragraph at lines 262--266
\OT1/ptm/b/n/10 about the sign mea-sure-ments of the or-der pa-ram-e-
 []


Underfull \hbox (badness 1983) in paragraph at lines 262--266
\OT1/ptm/b/n/10 ters see $\OT1/pcr/b/n/10 http : / / nmrlipids . blogspot . fi 
/ 2014 /
 []

LaTeX Font Info:    Font shape `OT1/ptm/bx/it' in size <10> not available
(Font)              Font shape `OT1/ptm/b/it' tried instead on input line 268.
[3]

LaTeX Warning: No positions in optional float specifier.
               Default added (so using `tbp') on input line 309.


Package natbib Warning: Citation `GAFFlipidFILESdppc' on page 4 undefined on in
put line 332.


LaTeX Warning: No positions in optional float specifier.
               Default added (so using `tbp') on input line 421.


<../DATAreportediINblog/comparisonSorted.pdf, id=31, 284.06125pt x 597.23125pt>
File: ../DATAreportediINblog/comparisonSorted.pdf Graphic file (type pdf)
<use ../DATAreportediINblog/comparisonSorted.pdf>
Package pdftex.def Info: ../DATAreportediINblog/comparisonSorted.pdf used on in
put line 423.
(pdftex.def)             Requested size: 244.69386pt x 514.4837pt.


LaTeX Warning: Float too large for page by 121.40813pt on input line 437.

[4 <../DATAreportediINblog/comparisonSorted.pdf>]

LaTeX Warning: No positions in optional float specifier.
               Default added (so using `tbp') on input line 474.

Package epstopdf Info: Source file: <HGorderparameters5.eps>
(epstopdf)                    date: 2015-01-23 12:11:12
(epstopdf)                    size: 23478 bytes
(epstopdf)             Output file: <HGorderparameters5-eps-converted-to.pdf>
(epstopdf)                    date: 2015-01-23 12:11:18
(epstopdf)                    size: 10190 bytes
(epstopdf)             Command: <repstopdf --outfile=HGorderparameters5-eps-con
verted-to.pdf HGorderparameters5.eps>
(epstopdf)             \includegraphics on input line 476.
Package epstopdf Info: Output file is already uptodate.
<HGorderparameters5-eps-converted-to.pdf, id=51, 505.89pt x 361.35pt>
File: HGorderparameters5-eps-converted-to.pdf Graphic file (type pdf)

<use HGorderparameters5-eps-converted-to.pdf>
Package pdftex.def Info: HGorderparameters5-eps-converted-to.pdf used on input 
line 476.
(pdftex.def)             Requested size: 244.69386pt x 174.78587pt.


LaTeX Warning: No positions in optional float specifier.
               Default added (so using `tbp') on input line 503.

<../DATAreportediINblog/comparisonTable.pdf, id=52, 465.61061pt x 841.9934pt>
File: ../DATAreportediINblog/comparisonTable.pdf Graphic file (type pdf)

<use ../DATAreportediINblog/comparisonTable.pdf>
Package pdftex.def Info: ../DATAreportediINblog/comparisonTable.pdf used on inp
ut line 505.
(pdftex.def)             Requested size: 244.69386pt x 442.48997pt.
 [5]
Underfull \hbox (badness 4556) in paragraph at lines 514--517
[]\OT1/ptm/m/n/10 The top three mod-els (CHARMM36, MacRog and
 []

[6 <./HGorderparameters5-eps-converted-to.pdf>]

LaTeX Warning: No positions in optional float specifier.
               Default added (so using `tbp') on input line 545.

Package epstopdf Info: Source file: <g1-g2_Cdihs2.eps>
(epstopdf)                    date: 2015-01-23 12:11:13
(epstopdf)                    size: 42947 bytes
(epstopdf)             Output file: <g1-g2_Cdihs2-eps-converted-to.pdf>
(epstopdf)                    date: 2015-01-23 12:11:19
(epstopdf)                    size: 17299 bytes
(epstopdf)             Command: <repstopdf --outfile=g1-g2_Cdihs2-eps-converted
-to.pdf g1-g2_Cdihs2.eps>
(epstopdf)             \includegraphics on input line 547.
Package epstopdf Info: Output file is already uptodate.
<g1-g2_Cdihs2-eps-converted-to.pdf, id=68, 656.4525pt x 473.77pt>
File: g1-g2_Cdihs2-eps-converted-to.pdf Graphic file (type pdf)

<use g1-g2_Cdihs2-eps-converted-to.pdf>
Package pdftex.def Info: g1-g2_Cdihs2-eps-converted-to.pdf used on input line 5
47.
(pdftex.def)             Requested size: 244.69386pt x 176.60063pt.

Underfull \hbox (badness 1331) in paragraph at lines 535--552
\OT1/ptm/m/n/10 POPC-07 model, show-ing a max-i-mum in the gauche$[]$-
 []

[7]

LaTeX Warning: A float is stuck (cannot be placed) on input line 562.


LaTeX Warning: A float is stuck (cannot be placed) on input line 562.


Class revtex4-1 Warning: Deferred float stuck during \clearpage processing.


LaTeX Warning: No positions in optional float specifier.
               Default added (so using `tbp') on input line 569.

Package epstopdf Info: Source file: <a-bDIHS2.eps>
(epstopdf)                    date: 2015-01-23 12:11:13
(epstopdf)                    size: 42608 bytes
(epstopdf)             Output file: <a-bDIHS2-eps-converted-to.pdf>
(epstopdf)                    date: 2015-01-23 12:11:19
(epstopdf)                    size: 17787 bytes
(epstopdf)             Command: <repstopdf --outfile=a-bDIHS2-eps-converted-to.
pdf a-bDIHS2.eps>
(epstopdf)             \includegraphics on input line 571.
Package epstopdf Info: Output file is already uptodate.
<a-bDIHS2-eps-converted-to.pdf, id=73, 659.46375pt x 451.6875pt>
File: a-bDIHS2-eps-converted-to.pdf Graphic file (type pdf)

<use a-bDIHS2-eps-converted-to.pdf>
Package pdftex.def Info: a-bDIHS2-eps-converted-to.pdf used on input line 571.
(pdftex.def)             Requested size: 244.69386pt x 167.5973pt.

Underfull \hbox (badness 1983) in paragraph at lines 588--604
\OT1/ptm/m/n/10 and gly-col-ipids [[]] for DMPC, and as a func-tion of
 []


Underfull \hbox (badness 2073) in paragraph at lines 588--604
\OT1/ptm/m/n/10 choles-terol con-cen-tra-tion for POPC [[]]. Due to the
 []


Underfull \hbox (badness 1838) in paragraph at lines 588--604
\OT1/ptm/m/n/10 high res-o-lu-tion in the NMR (es-pe-cially $[]$H NMR) ex-
 []


Underfull \hbox (badness 6641) in paragraph at lines 588--604
\OT1/ptm/m/n/10 per-i-ments, even very small or-der pa-ram-e-ter changes
 []


Underfull \hbox (badness 1939) in paragraph at lines 588--604
\OT1/ptm/m/n/10 re-sult-ing from the vary-ing con-di-tions can be mea-sured
 []


Underfull \hbox (badness 4660) in paragraph at lines 588--604
\OT1/ptm/m/n/10 (see $\OT1/pcr/m/n/10 http : / / nmrlipids . blogspot . fi / 20
14 / 02 /
 []


Overfull \hbox (2.0pt too wide) in paragraph at lines 588--604
\OT1/pcr/m/n/10 accuracy-[]of-[]order-[]parameter-[]measurements .
 []


Underfull \hbox (badness 1939) in paragraph at lines 588--604
\OT1/ptm/m/n/10 sim-u-la-tions and ex-per-i-ments in dif-fer-ent con-di-tions c
an
 []

[8 <../DATAreportediINblog/comparisonTable.pdf> <./g1-g2_Cdihs2-eps-converted-t
o.pdf> <./a-bDIHS2-eps-converted-to.pdf>]

LaTeX Warning: No positions in optional float specifier.
               Default added (so using `tbp') on input line 618.

<../DATAreportediINblog/dehydration.pdf, id=132, 284.06125pt x 597.23125pt>
File: ../DATAreportediINblog/dehydration.pdf Graphic file (type pdf)

<use ../DATAreportediINblog/dehydration.pdf>
Package pdftex.def Info: ../DATAreportediINblog/dehydration.pdf used on input l
ine 620.
(pdftex.def)             Requested size: 244.69386pt x 514.4837pt.


LaTeX Warning: No positions in optional float specifier.
               Default added (so using `tbp') on input line 650.

<../DATAreportediINblog/dehydrationPN.pdf, id=133, 460.72125pt x 284.06125pt>
File: ../DATAreportediINblog/dehydrationPN.pdf Graphic file (type pdf)

<use ../DATAreportediINblog/dehydrationPN.pdf>
Package pdftex.def Info: ../DATAreportediINblog/dehydrationPN.pdf used on input
 line 652.
(pdftex.def)             Requested size: 244.69386pt x 150.86813pt.
 [9 <../DATAreportediINblog/dehydration.pdf>]
Underfull \hbox (badness 1024) in paragraph at lines 665--678
[]\OT1/ptm/m/n/10 Phospholipid--cholesterol in-ter-ac-tions have been widely
 []


LaTeX Warning: No positions in optional float specifier.
               Default added (so using `tbp') on input line 691.


<../DATAreportediINblog/cholesterolization.pdf, id=152, 284.06125pt x 597.23125
pt>
File: ../DATAreportediINblog/cholesterolization.pdf Graphic file (type pdf)
 <use ../DATAreportediINblog/cholesterolization.pdf>
Package pdftex.def Info: ../DATAreportediINblog/cholesterolization.pdf used on 
input line 693.
(pdftex.def)             Requested size: 244.69386pt x 514.4837pt.
 [10 <../DATAreportediINblog/dehydrationPN.pdf>]

LaTeX Warning: A float is stuck (cannot be placed) on input line 717.


LaTeX Warning: A float is stuck (cannot be placed) on input line 717.


Class revtex4-1 Warning: Deferred float stuck during \clearpage processing.

[11 <../DATAreportediINblog/cholesterolization.pdf>] (./HGmodel_draft3.bbl
Missing character: There is no Ã in font ptmr7t!
Missing character: There is no Ã in font ptmr7t!
Missing character: There is no ± in font ptmr7t!
Missing character: There is no Ã in font ptmr7t!
Missing character: There is no ¡ in font ptmr7t!
Missing character: There is no Ã in font ptmr7t!
Missing character: There is no ¶ in font ptmr7t!

[12]
Missing character: There is no â in font ptmri7t!
Missing character: There is no € in font ptmri7t!
Missing character: There is no “ in font ptmri7t!
Missing character: There is no â in font ptmri7t!
Missing character: There is no € in font ptmri7t!
Missing character: There is no “ in font ptmri7t!

Underfull \hbox (badness 4048) in paragraph at lines 578--581
 []\OT1/ptm/m/n/9 J. M[]a[]att[]a (2015), URL $\OT1/pcr/m/n/9 {http : / / dx . 
doi . org / 10 .
 []


Underfull \hbox (badness 1048) in paragraph at lines 599--606
 []\OT1/ptm/m/n/9 M. S. Mi-et-ti-nen, A. A. Gur-tovenko, I. Vat-tulainen, and
 []

Missing character: There is no Ã in font ptmr7t!

Underfull \hbox (badness 1163) in paragraph at lines 644--649
 []\OT1/ptm/m/n/9 O. H. S. Ollila and M. Rete-gan, \OT1/ptm/m/it/9 Md sim-u-la-
tion tra-jec-
 []


Underfull \hbox (badness 5681) in paragraph at lines 644--649
 \OT1/ptm/m/it/9 4.5) \OT1/ptm/m/n/9 (2014), URL $\OT1/pcr/m/n/9 http : / / dx 
. doi . org / 10 . 5281 /
 []


Underfull \hbox (badness 4048) in paragraph at lines 681--684
 []\OT1/ptm/m/n/9 J. M[]a[]att[]a (2014), URL $\OT1/pcr/m/n/9 {http : / / dx . 
doi . org / 10 .
 []


Underfull \hbox (badness 4366) in paragraph at lines 761--763
 []\OT1/ptm/m/n/9 A. Botan (2015), URL $\OT1/pcr/m/n/9 {http : / / dx . doi . o
rg / 10 .
 []

[13]
Missing character: There is no Å in font ptmr7t!
Missing character: There is no „ in font ptmr7t!
) [14]
LaTeX Font Info:    Font shape `OMS/ptm/m/n' in size <10> not available
(Font)              Font shape `OMS/cmsy/m/n' tried instead on input line 786.

Overfull \hbox (4.03459pt too wide) in paragraph at lines 824--842
\OT1/ptm/m/n/10 (http://people.su.se/$\OMS/cmsy/m/n/10 ^^X$\OT1/ptm/m/n/10 jjm/
Stockholm[]Lipids/Downloads.html).
 []


Underfull \hbox (badness 2781) in paragraph at lines 824--842
\OT1/ptm/m/n/10 site [[]]. They con-tained 100 POPC/24 choles-terol
 []


Underfull \hbox (badness 10000) in paragraph at lines 824--842
\OT1/ptm/m/n/10 ram-e-ters ($\OT1/pcr/m/n/10 http : / / www . gromacs . org / @
api / deki /
 []


Underfull \hbox (badness 10000) in paragraph at lines 824--842
\OT1/pcr/m/n/10 files / 184 / =charmm36 . ff \ \ \ _4 . 5 . 4 \ _ref . tgz$\OT1
/ptm/m/n/10 )
 []


Underfull \hbox (badness 1596) in paragraph at lines 824--842
\OT1/ptm/m/n/10 by Pig-got et al. [[]] were used. Choles-terol pa-ram-
 []


Underfull \hbox (badness 4024) in paragraph at lines 824--842
\OT1/ptm/m/n/10 e-ters came from Lim et al. [[]] and were con-
 []


Underfull \hbox (badness 3271) in paragraph at lines 824--842
\OT1/ptm/m/n/10 verted into GRO-MACS for-mat with the Py-Topol tool
 []

[15]
Underfull \hbox (badness 10000) in paragraph at lines 871--875
[]\OT1/ptm/m/n/10 The force field pa-ram-e-ters were gen-er-ated us-
 []


Underfull \hbox (badness 10000) in paragraph at lines 871--875
\OT1/ptm/m/n/10 ing files ob-tained from the Lipid-book web-site
 []


Underfull \hbox (badness 10000) in paragraph at lines 871--875
\OT1/ptm/m/n/10 ($\OT1/pcr/m/n/10 http : / / lipidbook . bioch . ox . ac . uk /
 package /
 []

[16]

Package natbib Warning: Citation `XXX' on page 17 undefined on input line 936.


Underfull \hbox (badness 2245) in paragraph at lines 936--950
[]\OT1/ptm/m/n/10 Initial co-or-di-nates for a hy-drated DPPC (at 323 K)
 []


Underfull \hbox (badness 1199) in paragraph at lines 936--950
\OT1/ptm/m/n/10 re-spec-tively) were taken di-rectly from the Slipids home
 []


Underfull \hbox (badness 10000) in paragraph at lines 936--950
\OT1/ptm/m/n/10 page $\OT1/pcr/m/n/10 http : / / people . su . se / \[]jjm / St
ockholm \
 []


Underfull \hbox (badness 1571) in paragraph at lines 936--950
\OT1/ptm/m/n/10 with the TIP3P wa-ter model [[]]. Sim-u-la-tions were
 []


Underfull \hbox (badness 1377) in paragraph at lines 936--950
\OT1/ptm/m/n/10 elec-tro-static in-ter-ac-tions were cal-cu-lated us-ing the PM
E
 []


Underfull \hbox (badness 1242) in paragraph at lines 936--950
\OT1/ptm/m/n/10 wa-ter molecules were con-strained us-ing SET-TLE [[]].
 []


Underfull \hbox (badness 3209) in paragraph at lines 992--995
[]\OT1/ptm/m/n/10 The gel phase DPPC bi-layer struc-ture de-liv-ered by
 []

[17]

LaTeX Warning: No positions in optional float specifier.
               Default added (so using `tbp') on input line 1012.

<dihsCHOLcharmm.pdf, id=202, 1228.59pt x 1011.78pt>
File: dihsCHOLcharmm.pdf Graphic file (type pdf)
 <use dihsCHOLcharmm.pdf>
Package pdftex.def Info: dihsCHOLcharmm.pdf used on input line 1014.
(pdftex.def)             Requested size: 489.38731pt x 403.02203pt.

(./HGmodel_draft3.lod
Underfull \hbox (badness 10000) in paragraph at lines 5--5
[][] \OT1/ptm/m/n/10 17. Markus Mi-et-ti-nen sug-gested that we should con-side
r mak-ing one more fig-ure 
 []


Underfull \hbox (badness 10000) in paragraph at lines 5--5
\OT1/ptm/m/n/10 where only ex-per-i-men-tal data would be shown and that would 
be dis-cussed in Sec-tion IIIA[].  
 []

[18])
\tf@lod=\write4
\openout4 = `HGmodel_draft3.lod'.



Package natbib Warning: There were undefined citations.

[19 <./dihsCHOLcharmm.pdf>] (./HGmodel_draft3.aux) ) 
Here is how much of TeX's memory you used:
 6693 strings out of 493493
 98524 string characters out of 3143797
 200828 words of memory out of 3000000
 9875 multiletter control sequences out of 15000+200000
 30714 words of font info for 62 fonts, out of 3000000 for 9000
 957 hyphenation exceptions out of 8191
 38i,15n,39p,1072b,766s stack positions out of 5000i,500n,10000p,200000b,50000s
{/usr/share/texlive/texmf-d
ist/fonts/enc/dvips/base/8r.enc}</usr/share/texlive/texmf-dist/fonts/type1/publ
ic/amsfonts/cm/cmmi10.pfb></usr/share/texlive/texmf-dist/fonts/type1/public/ams
fonts/cm/cmmi5.pfb></usr/share/texlive/texmf-dist/fonts/type1/public/amsfonts/c
m/cmmi7.pfb></usr/share/texlive/texmf-dist/fonts/type1/public/amsfonts/cm/cmr10
.pfb></usr/share/texlive/texmf-dist/fonts/type1/public/amsfonts/cm/cmr5.pfb></u
sr/share/texlive/texmf-dist/fonts/type1/public/amsfonts/cm/cmr7.pfb></usr/share
/texlive/texmf-dist/fonts/type1/public/amsfonts/cm/cmsy10.pfb></usr/share/texli
ve/texmf-dist/fonts/type1/public/amsfonts/cm/cmsy6.pfb></usr/share/texlive/texm
f-dist/fonts/type1/public/amsfonts/cm/cmsy7.pfb></usr/share/texlive/texmf-dist/
fonts/type1/urw/courier/ucrb8a.pfb></usr/share/texlive/texmf-dist/fonts/type1/u
rw/courier/ucrr8a.pfb></usr/share/texlive/texmf-dist/fonts/type1/urw/times/utmb
8a.pfb></usr/share/texlive/texmf-dist/fonts/type1/urw/times/utmbi8a.pfb></usr/s
hare/texlive/texmf-dist/fonts/type1/urw/times/utmr8a.pfb></usr/share/texlive/te
xmf-dist/fonts/type1/urw/times/utmri8a.pfb>
Output written on HGmodel_draft3.pdf (19 pages, 451407 bytes).
PDF statistics:
 296 PDF objects out of 1000 (max. 8388607)
 191 compressed objects within 2 object streams
 0 named destinations out of 1000 (max. 500000)
 51 words of extra memory for PDF output out of 10000 (max. 10000000)

